100000 
84278 268 15454 
99020 268 712 
99006 268 726 
98959 268 773 
99001 268 731 
98996 268 736 
98941 268 791 
98879 268 853 
98880 268 852 
98877 268 855 
98877 268 855 
98874 268 858 
98874 268 858 
98874 268 858 
98874 268 858 
98873 268 859 
98873 268 859 
98873 268 859 
98871 268 861 
98871 268 861 
98871 268 861 
98906 268 826 
98904 268 828 
98869 268 863 
98869 268 863 
98900 268 832 
98899 268 833 
98899 268 833 
98899 268 833 
98899 268 833 
98899 268 833 
98899 268 833 
98899 268 833 
98899 268 833 
98899 268 833 
98899 268 833 
98899 268 833 
98898 268 834 
98898 268 834 
98898 268 834 
98898 268 834 
98868 268 864 
98869 268 863 
98869 268 863 
98869 268 863 
98869 268 863 
98869 268 863 
98869 268 863 
98868 268 864 
98868 268 864 
98871 268 861 
98872 268 860 
98870 268 862 
98871 268 861 
98871 268 861 
98872 268 860 
98872 268 860 
98872 268 860 
98872 268 860 
98872 268 860 
98872 268 860 
98872 268 860 
98872 268 860 
98872 268 860 
98872 268 860 
98868 268 864 
98871 268 861 
98871 268 861 
98870 268 862 
98870 268 862 
98870 268 862 
98870 268 862 
98870 268 862 
98871 268 861 
98871 268 861 
98871 268 861 
98872 268 860 
98871 268 861 
98871 268 861 
98872 268 860 
98872 268 860 
98872 268 860 
98872 268 860 
98872 268 860 
98872 268 860 
98872 268 860 
98872 268 860 
98872 268 860 
98872 268 860 
98872 268 860 
98872 268 860 
98872 268 860 
98872 268 860 
98872 268 860 
98868 268 864 
98866 268 866 
98866 268 866 
98866 268 866 
98866 268 866 
98866 268 866 
98866 268 866 
98866 268 866 
98866 268 866 
98866 268 866 
98866 268 866 
98866 268 866 
98866 268 866 
98866 268 866 
98865 268 867 
98865 268 867 
98867 268 865 
98867 268 865 
98867 268 865 
98867 268 865 
98867 268 865 
98867 268 865 
98867 268 865 
98867 268 865 
98867 268 865 
98865 268 867 
98867 268 865 
98867 268 865 
98865 268 867 
98865 268 866 1 
98866 268 866 
98866 268 866 
98866 268 866 
98866 268 866 
98865 268 867 
98867 268 865 
98867 268 865 
98865 268 867 
98866 268 866 
98863 268 869 
98863 268 869 
98866 268 866 
98866 268 866 
98866 268 866 
98866 268 866 
98866 268 866 
98866 268 866 
98866 268 866 
98866 268 866 
98866 268 866 
98866 268 866 
98865 268 867 
98865 268 867 
98865 268 867 
98865 268 867 
98865 268 867 
98865 268 867 
98865 268 867 
98865 268 867 
98865 268 867 
98860 268 872 
98860 268 872 
98861 268 871 
98861 268 871 
98860 268 872 
98859 268 873 
98859 268 873 
98859 268 873 
98859 268 873 
98859 268 873 
98859 268 873 
98859 268 873 
98859 268 873 
98860 268 872 
98860 268 872 
98860 268 872 
98860 268 872 
98860 268 872 
98860 268 872 
98860 268 872 
98860 268 872 
98860 268 872 
98860 268 872 
98860 268 872 
98860 268 872 
98860 268 872 
98860 268 872 
98860 268 872 
98860 268 872 
98860 268 872 
98860 268 872 
98859 268 873 
98860 268 872 
98860 268 872 
98859 268 873 
98859 268 873 
98859 268 873 
98859 268 873 
98859 268 873 
98859 268 873 
98860 268 872 
98860 268 872 
98860 268 872 
98860 268 872 
98860 268 872 
98860 268 872 
98860 268 872 
98860 268 872 
98859 268 873 
98860 268 872 
98860 268 872 
98856 268 876 
98856 268 876 
98856 268 876 
98856 268 876 
98856 268 876 
98860 268 872 
98860 268 872 
98858 268 874 
98858 268 874 
98858 268 874 
98858 268 874 
98858 268 874 
98858 268 874 
98858 268 874 
98858 268 874 
98858 268 874 
98860 268 872 
98860 268 872 
98858 268 874 
98858 268 874 
98858 268 874 
98858 268 874 
98858 268 874 
98858 268 874 
98858 268 874 
98858 267 874 1 
98858 268 874 
98858 268 874 
98858 268 874 
98858 268 874 
98858 268 874 
98858 268 874 
98858 268 874 
98858 268 874 
98858 268 874 
98858 268 874 
98860 268 872 
98860 268 872 
98860 268 872 
98860 268 872 
98860 268 872 
98860 268 872 
98858 268 874 
98858 268 874 
98858 268 874 
98855 268 877 
98857 268 875 
98854 268 878 
98857 268 875 
98981 268 751 
98981 268 751 
98981 268 751 
98980 268 752 
98930 268 802 
98885 268 847 
98928 268 804 
98892 268 840 
98892 268 840 
98851 268 881 
98891 268 841 
98891 268 841 
98891 268 841 
98891 268 841 
98891 268 841 
98891 268 841 
98891 268 841 
98891 268 841 
98851 268 881 
98888 268 844 
98889 268 843 
98889 268 843 
98889 268 843 
98889 268 843 
98888 268 844 
98889 268 843 
98889 268 843 
98888 268 844 
98888 268 844 
98888 268 844 
98888 268 844 
98889 268 843 
98889 268 843 
98889 268 843 
98889 268 843 
98889 268 843 
98889 268 843 
98853 268 879 
98886 268 846 
98886 268 846 
98886 268 846 
98886 268 846 
98886 268 846 
98886 268 846 
98886 268 846 
98886 268 846 
98886 268 846 
98886 268 846 
98886 268 846 
98886 268 846 
98886 268 846 
98885 268 847 
98885 268 847 
98885 268 847 
98886 268 846 
98884 268 848 
98886 268 846 
98886 268 846 
98886 268 846 
98886 268 846 
98886 268 846 
98886 268 846 
98886 268 846 
98886 268 846 
98886 268 846 
98885 268 847 
98885 268 847 
98885 268 847 
98886 268 846 
98886 268 846 
98886 268 846 
98886 268 846 
98885 268 847 
98886 268 846 
98883 268 849 
98886 268 846 
98881 268 851 
98886 268 846 
98886 268 846 
98880 268 852 
98880 268 852 
98881 268 851 
98883 268 849 
98883 268 849 
98883 268 849 
98883 268 849 
98883 268 849 
98883 268 849 
98883 268 849 
98883 268 849 
98883 268 849 
98883 268 849 
98883 268 849 
98883 268 849 
98883 268 849 
98883 268 849 
98883 268 849 
98883 268 849 
98883 268 849 
98883 268 849 
98883 268 849 
98965 268 767 
98964 268 768 
98964 268 768 
98964 268 768 
98963 268 769 
98963 268 769 
98963 268 769 
98922 268 810 
98876 268 856 
98876 268 856 
98876 268 856 
98876 268 856 
98876 268 856 
98917 268 815 
98964 268 768 
98876 268 856 
98879 268 853 
98879 268 853 
98879 268 853 
98874 268 858 
98874 268 858 
98874 268 858 
98874 268 858 
98874 268 858 
98874 268 858 
98874 268 858 
98874 268 858 
98874 268 858 
98874 268 858 
98873 268 859 
98873 268 859 
98873 268 859 
98873 268 859 
98873 268 859 
98873 268 858 1 
98873 268 859 
98874 268 858 
98874 268 858 
98873 268 859 
98874 268 858 
98873 268 859 
98874 268 858 
98874 268 858 
98874 268 858 
98874 268 858 
98874 268 858 
98874 268 858 
98874 268 858 
98875 268 857 
98875 268 857 
98875 268 857 
98875 268 857 
98875 268 857 
98875 268 857 
98875 268 857 
98875 268 857 
98875 268 857 
98873 268 859 
98873 268 859 
98875 268 857 
98875 268 857 
98875 268 857 
98875 268 857 
98875 268 857 
98875 268 857 
98874 268 858 
98874 268 858 
98874 268 858 
98874 268 858 
98874 268 858 
98874 268 858 
98874 268 858 
98874 268 858 
98874 268 858 
98874 268 858 
98874 268 858 
98874 268 858 
98874 268 858 
98874 268 858 
98874 268 858 
98874 268 858 
98874 268 858 
98915 268 817 
98865 268 867 
98865 268 867 
98915 268 817 
98960 268 772 
98959 268 773 
98865 268 867 
98865 268 867 
98865 268 867 
98865 268 867 
98865 268 867 
98865 268 867 
98865 268 867 
98865 268 867 
98865 268 867 
98865 268 867 
98865 268 867 
98865 268 867 
98865 268 867 
98865 268 867 
98865 268 867 
98864 268 868 
98862 268 870 
98863 268 869 
98863 268 869 
98863 268 869 
98863 268 869 
98863 268 869 
98863 268 869 
98863 268 869 
98863 268 869 
98863 268 869 
98863 268 869 
98862 268 870 
98911 268 821 
98958 268 774 
98862 268 870 
98862 268 870 
98861 268 871 
98861 268 871 
98861 268 871 
98861 268 871 
98861 268 871 
98861 268 871 
98861 268 871 
98861 268 871 
98861 268 871 
98861 268 871 
98861 268 871 
98861 268 871 
98861 268 871 
98911 268 821 
98870 268 862 
98870 268 862 
98870 268 862 
98870 268 862 
98870 268 862 
98870 268 862 
98870 268 862 
98869 268 863 
98870 268 862 
98871 268 861 
98869 268 863 
98865 268 867 
98865 268 867 
98865 268 866 1 
98865 268 867 
98865 268 867 
98867 268 865 
98865 268 867 
98865 268 867 
98865 268 867 
98865 268 867 
98865 268 867 
98865 268 867 
98865 268 867 
98865 268 867 
98865 268 867 
98865 268 867 
98865 268 867 
98867 268 865 
98867 268 865 
98867 268 865 
98867 268 865 
98867 268 865 
98867 268 865 
98867 268 865 
98867 268 865 
98867 268 865 
98867 268 865 
98867 268 865 
98867 268 865 
98867 268 865 
98907 268 825 
98863 268 869 
98863 268 869 
98864 268 868 
98908 268 824 
98954 268 778 
98951 268 781 
98949 268 783 
98951 268 781 
98913 268 819 
98870 268 862 
98870 268 862 
98867 268 865 
98867 268 865 
98867 268 865 
98867 268 865 
98870 268 862 
98870 268 862 
98868 268 864 
98868 268 864 
98868 268 864 
98870 268 862 
98870 268 862 
98868 268 864 
98868 268 864 
98870 268 862 
98870 268 862 
98870 268 862 
98868 268 864 
98870 268 862 
98873 268 859 
98871 268 861 
98866 268 866 
98866 268 866 
98867 268 865 
98867 268 865 
98867 268 865 
98872 268 860 
98872 268 860 
98872 268 860 
98872 268 860 
98869 268 863 
98869 268 863 
98872 268 860 
98872 268 860 
98872 268 860 
98872 268 860 
98872 268 860 
98872 268 860 
98870 268 862 
98869 268 863 
98869 268 863 
98869 268 863 
98869 268 863 
98869 268 863 
98869 268 863 
98869 268 863 
98869 268 863 
98869 268 863 
98870 268 862 
98870 268 862 
98869 268 863 
98869 268 863 
98869 268 863 
98869 268 863 
98869 268 863 
98869 268 863 
98869 268 863 
98869 268 863 
98869 268 863 
98869 268 863 
98869 268 863 
98869 268 863 
98869 268 863 
98869 268 863 
98869 268 863 
98869 268 863 
98869 268 863 
98869 268 863 
98869 268 863 
98869 268 863 
98869 268 863 
98869 268 863 
98869 268 863 
98868 268 864 
98867 268 865 
98867 268 865 
98867 268 865 
98867 268 865 
98865 268 867 
98865 268 867 
98865 268 867 
98865 268 867 
98865 268 867 
98865 268 867 
98865 268 867 
98865 268 867 
98868 268 864 
98866 268 866 
98866 268 866 
98866 268 866 
98866 268 866 
98866 268 866 
98866 268 866 
98866 268 866 
98866 268 866 
98866 268 866 
98868 268 864 
98865 268 867 
98865 268 867 
98865 268 867 
98865 268 867 
98865 268 867 
98865 268 867 
98867 268 865 
98862 268 870 
98861 268 871 
98866 268 866 
98865 268 867 
98865 268 867 
98865 268 867 
98865 268 867 
98865 268 867 
98865 268 867 
98865 268 867 
98865 268 867 
98865 268 867 
98865 268 867 
98865 268 867 
98865 268 867 
98865 268 867 
98865 268 867 
98864 268 868 
98867 268 865 
98867 268 865 
98867 268 865 
98867 268 865 
98867 268 865 
98866 268 866 
98866 268 866 
98866 268 866 
98866 268 866 
98866 268 866 
98866 268 866 
98864 268 868 
98863 268 869 
98863 268 869 
98863 268 869 
98863 268 869 
98863 268 869 
98863 268 869 
98865 268 867 
98868 268 864 
98868 268 864 
98868 268 864 
98868 268 864 
98868 268 864 
98868 268 864 
98868 268 864 
98867 268 865 
98867 268 865 
98867 268 865 
98867 268 865 
98867 268 865 
98867 268 865 
98864 268 868 
98864 268 868 
98864 268 868 
98864 268 868 
98864 268 868 
98864 268 868 
98864 268 868 
98864 268 868 
98864 268 868 
98865 268 867 
98865 268 867 
98863 268 869 
98863 268 869 
98863 268 869 
98865 268 867 
98863 268 869 
98864 268 868 
98864 268 868 
98864 268 868 
98864 268 868 
98864 268 868 
98864 268 868 
98864 268 868 
98863 268 869 
98863 268 869 
98863 268 869 
98866 268 866 
98866 268 866 
98866 268 866 
98866 268 866 
98862 268 870 
98862 268 870 
98862 268 870 
98862 268 870 
98862 268 870 
98862 268 870 
98862 268 870 
98862 268 870 
98866 268 866 
98866 268 866 
98866 268 866 
98866 268 866 
98863 268 869 
98865 268 867 
98866 268 866 
98866 268 866 
98867 268 865 
98867 268 865 
98867 268 865 
98867 268 865 
98866 268 866 
98866 268 866 
98866 268 866 
98866 268 866 
98867 268 865 
98867 268 865 
98866 268 866 
98867 268 865 
98869 268 863 
98871 268 861 
98869 268 863 
98869 268 863 
98869 268 863 
98869 268 863 
98870 268 862 
98870 268 862 
98870 268 862 
98870 268 862 
98870 268 862 
98870 268 862 
98870 268 862 
98870 268 862 
98870 268 862 
98870 268 862 
98870 268 862 
98870 268 862 
98870 268 862 
98870 268 862 
98870 268 862 
98870 268 862 
98870 268 862 
98868 268 864 
98868 268 864 
98868 268 864 
98868 268 864 
98868 268 864 
98868 268 864 
98868 268 864 
98868 268 864 
98868 268 864 
98867 268 865 
98868 268 864 
98868 268 864 
98868 268 864 
98868 268 864 
98868 268 864 
98868 268 864 
98868 268 864 
98868 268 864 
98868 268 864 
98868 268 864 
98868 268 864 
98867 268 865 
98867 268 865 
98867 268 865 
98867 268 865 
98868 268 864 
98868 268 864 
98866 268 866 
98866 268 866 
98866 268 866 
98866 268 866 
98866 268 866 
98866 268 866 
98866 268 866 
98866 268 866 
98866 268 866 
98866 268 866 
98866 268 866 
98868 268 864 
98868 268 864 
98868 268 864 
98868 268 864 
98868 268 864 
98868 268 864 
98868 268 864 
98867 268 865 
98868 268 864 
98868 268 864 
98868 268 864 
98868 268 864 
98868 268 864 
98868 268 864 
98868 268 864 
98868 268 864 
98868 268 864 
98868 268 864 
98868 268 864 
98868 268 864 
98868 268 864 
98868 268 864 
98868 268 864 
98868 268 864 
98868 268 864 
98868 268 864 
98868 268 864 
98868 268 864 
98870 268 862 
98870 268 862 
98870 268 862 
98870 268 862 
98870 268 862 
98868 268 864 
98869 268 863 
98869 268 863 
98869 268 863 
98869 268 863 
98869 268 863 
98869 268 863 
98869 268 863 
98869 268 863 
98869 268 863 
98869 268 863 
98869 268 863 
98869 268 863 
98869 268 863 
98869 268 863 
98869 268 863 
98869 268 863 
98869 268 863 
98869 268 863 
98869 268 863 
98869 268 863 
98871 268 861 
98871 268 861 
98871 268 861 
98871 268 861 
98870 268 862 
98870 268 862 
98871 268 861 
98869 268 863 
98869 268 863 
98870 268 862 
98870 268 862 
98870 268 862 
98870 268 862 
98910 268 822 
98867 268 865 
98867 268 865 
98910 268 822 
98867 268 865 
98910 268 822 
98864 268 868 
98909 268 823 
98909 268 823 
98953 268 779 
98879 268 853 
98879 268 853 
98879 268 853 
98879 268 853 
98879 268 853 
98879 268 853 
98879 268 853 
98879 268 853 
98879 268 853 
98879 268 853 
98878 268 854 
98878 268 854 
98878 268 854 
98878 268 854 
98878 268 854 
98878 268 854 
98878 268 854 
98878 268 854 
98878 268 854 
98878 268 854 
98878 268 854 
98920 268 812 
98875 268 857 
98875 268 857 
98920 268 812 
98877 268 855 
98877 268 855 
98877 268 855 
98877 268 855 
98877 268 855 
98877 268 855 
98877 268 855 
98877 268 855 
98877 268 855 
98921 268 811 
98880 268 852 
98881 268 851 
98941 268 791 
98879 268 853 
98879 268 853 
98878 268 854 
98878 268 854 
98878 268 854 
98878 268 854 
98878 268 854 
98878 268 854 
98877 268 855 
98877 268 855 
98877 268 855 
98878 268 854 
98878 268 854 
98920 268 812 
98883 268 849 
98883 268 849 
98883 268 849 
98883 268 849 
98883 268 849 
98883 268 849 
98883 268 849 
98883 268 849 
98883 268 849 
98883 268 849 
98893 258 849 
98883 268 849 
98883 268 849 
98883 268 849 
98882 268 850 
98879 268 853 
98879 268 853 
98882 268 850 
98882 268 850 
98882 268 850 
98882 268 850 
98882 268 850 
98880 268 852 
98880 268 852 
98880 268 852 
98880 268 852 
98880 268 852 
98882 268 850 
98880 268 852 
98880 268 852 
98880 268 852 
98880 268 852 
98880 268 852 
98880 268 852 
98880 268 852 
98880 268 852 
98882 268 850 
98882 268 850 
98879 268 853 
98919 268 813 
98919 268 813 
98919 268 813 
98919 268 813 
98918 268 814 
98918 268 814 
98919 268 813 
98919 268 813 
98919 268 813 
98919 268 813 
98919 268 813 
98878 268 854 
98878 268 854 
98878 268 854 
98919 268 813 
98878 268 854 
98878 268 854 
98878 268 854 
98878 268 854 
98878 268 854 
98877 268 855 
98919 268 813 
98876 268 856 
98876 268 856 
98876 268 856 
98876 268 856 
98876 268 856 
98876 268 856 
98876 268 856 
98876 268 856 
98876 268 856 
98876 268 856 
98920 268 812 
98878 268 854 
98920 268 812 
98920 268 812 
98879 268 853 
98879 268 853 
98879 268 853 
98879 268 853 
98879 268 853 
98879 268 853 
98879 268 853 
98879 268 853 
98880 268 852 
98880 268 852 
98880 268 852 
98880 268 852 
98880 268 852 
98879 268 853 
98879 268 853 
98877 268 855 
98877 268 855 
98877 268 855 
98877 268 855 
98877 268 855 
98877 268 855 
98877 268 855 
98877 268 855 
98877 268 855 
98877 268 855 
98877 268 855 
98877 268 855 
98877 268 855 
98877 268 855 
98877 268 855 
98877 268 855 
98877 268 855 
98877 268 855 
98877 268 855 
98877 268 855 
98877 268 855 
98877 268 855 
98877 268 855 
98877 268 855 
98877 268 855 
98877 268 855 
98877 268 855 
98877 268 855 
98877 268 855 
98877 268 855 
98877 268 855 
98877 268 855 
98877 268 855 
98877 268 855 
98877 268 855 
98877 268 855 
98877 268 855 
98877 268 855 
98877 268 855 
98877 268 855 
98877 268 855 
98877 268 855 
98877 268 855 
98878 268 854 
98878 268 854 
98878 268 854 
98878 268 854 
98878 268 854 
98878 268 854 
98878 268 854 
98878 268 854 
98878 268 854 
98877 268 855 
98877 268 855 
98877 268 855 
98877 268 855 
98877 268 855 
98877 268 855 
98877 268 855 
98877 268 855 
98877 268 855 
98877 268 855 
98877 268 855 
98877 268 855 
98877 268 855 
98877 268 855 
98918 268 814 
98917 268 815 
98915 268 817 
98876 268 856 
98876 268 856 
98876 268 856 
98878 268 854 
98878 268 854 
98878 268 854 
98878 268 854 
98878 268 854 
98878 268 854 
98878 268 854 
98879 268 853 
98880 268 852 
98880 268 852 
98880 268 852 
98880 268 852 
98880 268 852 
98880 268 852 
98880 268 852 
98880 268 852 
98880 268 852 
98879 268 853 
98879 268 853 
98879 268 853 
98879 268 853 
98879 268 853 
98879 268 853 
98879 268 853 
98879 268 853 
98879 268 853 
98879 268 853 
98879 268 853 
98879 268 853 
98879 268 853 
98879 268 853 
98879 268 853 
98873 268 859 
98873 268 859 
98873 268 859 
98872 268 860 
98872 268 860 
98873 268 859 
98873 268 859 
98874 268 858 
98872 268 860 
98872 268 860 
98872 268 860 
98872 268 860 
98873 268 859 
98874 268 858 
98874 268 858 
98874 268 858 
98874 268 858 
98874 268 858 
98874 268 858 
98874 268 858 
98874 268 858 
98874 268 858 
98873 268 859 
98873 268 859 
98874 268 858 
98874 268 858 
98874 268 858 
98874 268 858 
98874 268 858 
98874 268 858 
98874 268 858 
98872 268 860 
98872 268 860 
98872 268 860 
98873 268 859 
98873 268 859 
98873 268 859 
98875 268 857 
98873 268 859 
98873 268 859 
98874 268 858 
98876 268 856 
98876 268 856 
98876 268 856 
98876 268 856 
98875 268 857 
98876 268 856 
98870 268 862 
98870 268 862 
98870 268 862 
98867 268 865 
98874 268 858 
98874 268 858 
98874 268 858 
98878 268 854 
98878 268 854 
98875 268 857 
98878 268 854 
98878 268 854 
98878 268 854 
98878 268 854 
98878 268 854 
98875 268 857 
98875 268 857 
98878 268 854 
98876 268 856 
98876 268 856 
98876 268 856 
98876 268 856 
98876 268 856 
98876 268 856 
98876 268 856 
98877 268 855 
98877 268 855 
98877 268 855 
98877 268 855 
98877 268 855 
98878 268 854 
98878 268 854 
98878 268 854 
98878 268 854 
98878 268 854 
98878 268 854 
98878 268 854 
98875 268 857 
98875 268 857 
98875 268 857 
98875 268 857 
98873 268 859 
98875 268 857 
98875 268 857 
98875 268 857 
98875 268 857 
98875 268 857 
98875 268 857 
98875 268 857 
98875 268 857 
98875 268 857 
98875 268 857 
98875 268 857 
98875 268 857 
98875 268 857 
98875 268 857 
98875 268 857 
98875 268 857 
98875 268 857 
98875 268 857 
98875 268 857 
98875 268 857 
98875 268 857 
98876 268 856 
98874 268 858 
98876 268 856 
98876 268 856 
98876 268 856 
98875 268 857 
98875 268 857 
98875 268 857 
98875 268 857 
98875 268 857 
98875 268 857 
98875 268 857 
98875 268 857 
98876 268 856 
98877 268 855 
98918 268 814 
98877 268 855 
98877 268 855 
98877 268 855 
98877 268 855 
98877 268 855 
98918 268 814 
98873 268 859 
98873 268 859 
98873 268 859 
98876 268 856 
98876 268 856 
98876 268 856 
98876 268 856 
98876 268 856 
98876 268 856 
98876 268 856 
98873 268 859 
98873 268 859 
98875 268 857 
98875 268 857 
98875 268 857 
98875 268 857 
98875 268 857 
98874 268 858 
98875 268 857 
98876 268 856 
98876 268 856 
98876 268 856 
98876 268 856 
98876 268 856 
98876 268 856 
98876 268 856 
98876 268 856 
98876 268 856 
98876 268 856 
98876 268 856 
98876 268 856 
98876 268 856 
98876 268 856 
98876 268 856 
98876 268 856 
98876 268 856 
98876 268 856 
98876 268 856 
98876 268 856 
98876 268 856 
98876 268 856 
98876 268 856 
98875 268 857 
98875 268 857 
98875 268 857 
98875 268 857 
98875 268 857 
98875 268 857 
98875 268 857 
98875 268 857 
98875 268 857 
98875 268 857 
98875 268 857 
98875 268 857 
98874 268 858 
98875 268 857 
98874 268 858 
98874 268 858 
98874 268 858 
98874 268 858 
98874 268 858 
98874 268 858 
98874 268 858 
98874 268 858 
98874 268 858 
98874 268 858 
98874 268 858 
98874 268 858 
98877 268 855 
98877 268 855 
98877 268 855 
98877 268 855 
98877 268 855 
98878 268 854 
98878 268 854 
98878 268 854 
98878 268 854 
98878 268 854 
98878 268 854 
98878 268 854 
98878 268 854 
98878 268 854 
98878 268 854 
98878 268 854 
98878 268 854 
98878 268 854 
98876 268 856 
98876 268 856 
98876 268 856 
98876 268 856 
98876 268 856 
98876 268 856 
98876 268 856 
98876 268 856 
98876 268 856 
98876 268 856 
98876 268 856 
98876 268 856 
98876 268 856 
98876 268 856 
98876 268 856 
98876 268 856 
98876 268 856 
98877 268 855 
98877 268 855 
98877 268 855 
98876 268 856 
98876 268 856 
98875 268 857 
98875 268 857 
98872 268 860 
98873 268 859 
98873 268 859 
98874 268 858 
98874 268 858 
98874 268 858 
98874 268 858 
98874 268 858 
98874 268 858 
98873 268 859 
98874 268 858 
98874 268 858 
98874 268 858 
98874 268 858 
98875 268 857 
98875 268 857 
98875 268 857 
98875 268 857 
98874 268 858 
98874 268 858 
98875 268 857 
98871 268 861 
98871 268 861 
98875 268 857 
98875 268 857 
98875 268 857 
98875 268 857 
98875 268 857 
98875 268 857 
98875 268 857 
98875 268 857 
98875 268 857 
98875 268 857 
98872 268 860 
98876 268 856 
98876 268 856 
98876 268 856 
98876 268 856 
98876 268 856 
98876 268 856 
98876 268 856 
98875 268 857 
98876 268 856 
98877 268 855 
98873 268 859 
98877 268 855 
98873 268 859 
98877 268 855 
98877 268 855 
98875 268 857 
98917 268 815 
98913 268 819 
98917 268 815 
98917 268 815 
98917 268 815 
98917 268 815 
98917 268 815 
98917 268 815 
98872 268 860 
98917 268 815 
98917 268 815 
98871 268 861 
98871 268 861 
98871 268 861 
98917 268 815 
98878 268 854 
98878 268 854 
98877 268 855 
98877 268 855 
98877 268 855 
98877 268 855 
98877 268 855 
98877 268 855 
98877 268 855 
98876 268 856 
98877 268 855 
98877 268 855 
98891 254 855 
98877 268 855 
98877 268 855 
98877 268 855 
98878 268 854 
98878 268 854 
98878 268 854 
98878 268 854 
98878 268 854 
98878 268 854 
98878 268 854 
98878 268 854 
98878 268 854 
98878 268 854 
98878 268 854 
98879 268 853 
98879 268 853 
98879 268 853 
98879 268 853 
98879 268 853 
98879 268 853 
98879 268 853 
98879 268 853 
98879 268 853 
98879 268 853 
98879 268 853 
98879 268 853 
98879 268 853 
98879 268 853 
98879 268 853 
98879 268 853 
98879 268 853 
98877 268 855 
98877 268 855 
98877 268 855 
98876 268 856 
98876 268 856 
98878 268 854 
98877 268 855 
98877 268 855 
98878 268 854 
98875 268 857 
98878 268 854 
98878 268 854 
