100000 
48 268 99043 641 
268 99051 681 
268 99009 723 
268 98996 736 
268 98904 828 
268 98900 832 
268 98890 842 
268 98890 842 
268 98890 842 
268 98890 841 1 
268 98890 842 
268 98888 844 
268 98888 844 
268 98888 844 
268 98888 844 
268 98888 844 
268 98888 844 
268 98884 848 
268 98884 848 
268 98884 848 
268 98884 848 
268 98884 848 
268 98881 851 
268 98881 851 
268 98881 851 
268 98881 851 
268 98878 854 
268 98877 855 
268 98876 856 
268 98876 856 
268 98875 857 
268 98875 857 
268 98875 857 
268 98875 857 
268 98875 857 
268 98875 857 
268 98875 857 
268 98875 857 
268 98875 857 
268 98875 857 
268 98874 858 
268 98874 858 
268 98874 858 
268 98874 858 
268 98874 858 
268 98874 858 
268 98874 858 
268 98874 858 
268 98866 866 
268 98866 866 
268 98866 866 
268 98866 866 
268 98866 866 
268 98866 866 
268 98863 869 
268 98862 870 
268 98861 871 
268 98851 881 
268 98852 880 
268 98850 880 1 1 
268 98849 882 1 
268 98850 882 
268 98850 882 
268 98850 882 
268 98850 882 
268 98849 882 1 
268 98846 885 1 
268 98846 885 1 
268 98846 885 1 
268 98846 885 1 
268 98846 885 1 
268 98846 884 2 
268 98847 884 1 
268 98847 884 1 
268 98847 884 1 
268 98843 887 2 
268 98843 888 1 
268 98844 888 
268 98844 888 
268 98844 888 
268 98844 888 
268 98845 887 
268 98844 888 
268 98845 887 
268 98845 887 
268 98845 887 
268 98845 887 
268 98845 887 
268 98845 887 
268 98845 887 
268 98845 887 
268 98845 887 
268 98845 887 
268 98845 887 
268 98845 887 
268 98845 887 
268 98845 887 
268 98844 887 1 
268 98844 887 1 
268 98844 887 1 
